<?xml version="1.0" encoding="UTF-8" ?>
<testsuite errors="1" failures="0" hostname="Presario" name="com.aug.triton.db.entity.SensorCaliTest" tests="1" time="429.927" timestamp="2012-05-18T17:23:36">
  <properties>
[...]
</properties>
  <testcase classname="com.aug.triton.db.entity.SensorCaliTest" name="testCreate" time="427.786">
    <error message="Batch entry 0 insert into sensor_cali_test (lastcalibrated, offset_, readingadjustment, maxcurrent, maxvalue, mincurrent, minvalue, shuntresistance, devicechannel, sensor_id, id) values (test, 7.0, 3.0, 5.0, 6.0, 3.0, 3.0, 4.0, test2, NULL, 1) was aborted.  Call getNextException to see the cause." type="com.aug.triton.db.exception.AppException">com.aug.triton.db.exception.AppException: Batch entry 0 insert into sensor_cali_test (lastcalibrated, offset_, readingadjustment, maxcurrent, maxvalue, mincurrent, minvalue, shuntresistance, devicechannel, sensor_id, id) values (test, 7.0, 3.0, 5.0, 6.0, 3.0, 3.0, 4.0, test2, NULL, 1) was aborted.  Call getNextException to see the cause.
	at com.aug.triton.db.dao.SensorCaliDAOImpl.create(SensorCaliDAOImpl.java:29)
	at com.aug.triton.db.entity.SensorCaliTest.testCreate(SensorCaliTest.java:46)
</error>
  </testcase>
  <system-out><![CDATA[]]></system-out>
  <system-err><![CDATA[18-May-2012 1:23:38 PM org.hibernate.cfg.annotations.Version <clinit>
INFO: Hibernate Annotations 3.3.1.GA
18-May-2012 1:23:38 PM org.hibernate.cfg.Environment <clinit>
INFO: Hibernate 3.2.5
18-May-2012 1:23:38 PM org.hibernate.cfg.Environment <clinit>
INFO: hibernate.properties not found
18-May-2012 1:23:38 PM org.hibernate.cfg.Environment buildBytecodeProvider
INFO: Bytecode provider name : cglib
18-May-2012 1:23:38 PM org.hibernate.cfg.Environment <clinit>
INFO: using JDK 1.4 java.sql.Timestamp handling
*** Profiler engine warning: class sun.reflect.GeneratedConstructorAccessor1 that should be instrumented is not loaded by target VM
*** Requested classloader: sun.reflect.DelegatingClassLoader@387202, its class = class sun.reflect.DelegatingClassLoader, index = 4, hashcode = 3699202
*** Profiler engine warning: target VM cannot load class to instrument sun.reflect.GeneratedConstructorAccessor1
*** probably it has been unloaded recently
18-May-2012 1:23:39 PM org.hibernate.cfg.Configuration configure
INFO: configuring from resource: /hibernate.cfg.xml
18-May-2012 1:23:39 PM org.hibernate.cfg.Configuration getConfigurationInputStream
INFO: Configuration resource: /hibernate.cfg.xml
18-May-2012 1:23:39 PM org.hibernate.cfg.Configuration addResource
INFO: Reading mappings from resource : com/aug/triton/db/entity/SpectraReading.hbm.xml
18-May-2012 1:23:40 PM org.hibernate.cfg.Configuration addResource
INFO: Reading mappings from resource : com/aug/triton/db/entity/SensorReading.hbm.xml
18-May-2012 1:23:40 PM org.hibernate.cfg.Configuration addResource
INFO: Reading mappings from resource : com/aug/triton/db/entity/FinalDetectionResult.hbm.xml
18-May-2012 1:23:40 PM org.hibernate.cfg.Configuration addResource
INFO: Reading mappings from resource : com/aug/triton/db/entity/Cont.hbm.xml
18-May-2012 1:23:40 PM org.hibernate.cfg.Configuration addResource
INFO: Reading mappings from resource : com/aug/triton/db/entity/Sensor.hbm.xml
18-May-2012 1:23:40 PM org.hibernate.cfg.Configuration addResource
INFO: Reading mappings from resource : com/aug/triton/db/entity/Location.hbm.xml
18-May-2012 1:23:40 PM org.hibernate.cfg.Configuration addResource
INFO: Reading mappings from resource : com/aug/triton/db/entity/TapRef.hbm.xml
18-May-2012 1:23:41 PM org.hibernate.cfg.Configuration addResource
INFO: Reading mappings from resource : com/aug/triton/db/entity/TapRefData.hbm.xml
18-May-2012 1:23:41 PM org.hibernate.cfg.Configuration addResource
INFO: Reading mappings from resource : com/aug/triton/db/entity/PotentialCont.hbm.xml
18-May-2012 1:23:41 PM org.hibernate.cfg.Configuration addResource
INFO: Reading mappings from resource : com/aug/triton/db/entity/SpectraDetection.hbm.xml
18-May-2012 1:23:41 PM org.hibernate.cfg.Configuration addResource
INFO: Reading mappings from resource : com/aug/triton/db/entity/EventLog.hbm.xml
18-May-2012 1:23:41 PM org.hibernate.cfg.Configuration addResource
INFO: Reading mappings from resource : com/aug/triton/db/entity/SpectraConfig.hbm.xml
18-May-2012 1:23:41 PM org.hibernate.cfg.Configuration addResource
INFO: Reading mappings from resource : com/aug/triton/db/entity/SystemConfig.hbm.xml
18-May-2012 1:23:41 PM org.hibernate.cfg.Configuration addResource
INFO: Reading mappings from resource : com/aug/triton/db/entity/LabMeasurement.hbm.xml
18-May-2012 1:23:41 PM org.hibernate.cfg.Configuration addResource
INFO: Reading mappings from resource : com/aug/triton/db/entity/SensorBaseline.hbm.xml
18-May-2012 1:23:41 PM org.hibernate.cfg.Configuration addResource
INFO: Reading mappings from resource : com/aug/triton/db/entity/SensorBaselineSquare.hbm.xml
18-May-2012 1:23:41 PM org.hibernate.cfg.Configuration addResource
INFO: Reading mappings from resource : com/aug/triton/db/entity/StripChart.hbm.xml
18-May-2012 1:23:41 PM org.hibernate.cfg.Configuration addResource
INFO: Reading mappings from resource : com/aug/triton/db/entity/SpectraCaliGroup.hbm.xml
18-May-2012 1:23:41 PM org.hibernate.cfg.Configuration addResource
INFO: Reading mappings from resource : com/aug/triton/db/entity/SpectraCaliGroupSample.hbm.xml
18-May-2012 1:23:41 PM org.hibernate.cfg.Configuration addResource
INFO: Reading mappings from resource : com/aug/triton/db/entity/SpectraCaliSampleData.hbm.xml
18-May-2012 1:23:41 PM org.hibernate.cfg.Configuration addResource
INFO: Reading mappings from resource : com/aug/triton/db/entity/SpectraBaseline.hbm.xml
18-May-2012 1:23:42 PM org.hibernate.cfg.Configuration addResource
INFO: Reading mappings from resource : com/aug/triton/db/entity/SpectraBaselineSquare.hbm.xml
18-May-2012 1:23:42 PM org.hibernate.cfg.Configuration addResource
INFO: Reading mappings from resource : com/aug/triton/db/entity/SensorReadingGroup.hbm.xml
18-May-2012 1:23:42 PM org.hibernate.cfg.Configuration addResource
INFO: Reading mappings from resource : com/aug/triton/db/entity/FinalDetectionSensorGroup.hbm.xml
18-May-2012 1:23:42 PM org.hibernate.cfg.Configuration addResource
INFO: Reading mappings from resource : com/aug/triton/db/entity/FinalDetectionSpectraDetection.hbm.xml
18-May-2012 1:23:42 PM org.hibernate.cfg.Configuration addResource
INFO: Reading mappings from resource : com/aug/triton/db/entity/SensorCali.hbm.xml
18-May-2012 1:23:42 PM org.hibernate.cfg.Configuration doConfigure
INFO: Configured SessionFactory: null
18-May-2012 1:23:42 PM org.hibernate.cfg.HbmBinder bindRootPersistentClassCommonValues
INFO: Mapping class: com.aug.triton.db.entity.SpectraReading -> spectra_reading
18-May-2012 1:23:43 PM org.hibernate.cfg.HbmBinder bindRootPersistentClassCommonValues
INFO: Mapping class: com.aug.triton.db.entity.SensorReading -> sensor_reading
18-May-2012 1:23:43 PM org.hibernate.cfg.HbmBinder bindRootPersistentClassCommonValues
INFO: Mapping class: com.aug.triton.db.entity.FinalDetectionResult -> final_detection_result
18-May-2012 1:23:43 PM org.hibernate.cfg.HbmBinder bindRootPersistentClassCommonValues
INFO: Mapping class: com.aug.triton.db.entity.Cont -> cont
18-May-2012 1:23:43 PM org.hibernate.cfg.HbmBinder bindRootPersistentClassCommonValues
INFO: Mapping class: com.aug.triton.db.entity.Sensor -> sensor
18-May-2012 1:23:43 PM org.hibernate.cfg.HbmBinder bindRootPersistentClassCommonValues
INFO: Mapping class: com.aug.triton.db.entity.Location -> location
18-May-2012 1:23:43 PM org.hibernate.cfg.HbmBinder bindRootPersistentClassCommonValues
INFO: Mapping class: com.aug.triton.db.entity.TapRef -> tap_ref
18-May-2012 1:23:43 PM org.hibernate.cfg.HbmBinder bindRootPersistentClassCommonValues
INFO: Mapping class: com.aug.triton.db.entity.TapRefData -> tap_ref_data
18-May-2012 1:23:43 PM org.hibernate.cfg.HbmBinder bindRootPersistentClassCommonValues
INFO: Mapping class: com.aug.triton.db.entity.PotentialCont -> potential_cont
18-May-2012 1:23:43 PM org.hibernate.cfg.HbmBinder bindRootPersistentClassCommonValues
INFO: Mapping class: com.aug.triton.db.entity.SpectraDetection -> spectra_detection
18-May-2012 1:23:43 PM org.hibernate.cfg.HbmBinder bindRootPersistentClassCommonValues
INFO: Mapping class: com.aug.triton.db.entity.EventLog -> event_log
18-May-2012 1:23:43 PM org.hibernate.cfg.HbmBinder bindRootPersistentClassCommonValues
INFO: Mapping class: com.aug.triton.db.entity.SpectraConfig -> spectra_config
18-May-2012 1:23:43 PM org.hibernate.cfg.HbmBinder bindRootPersistentClassCommonValues
INFO: Mapping class: com.aug.triton.db.entity.SystemConfig -> system_config
18-May-2012 1:23:43 PM org.hibernate.cfg.HbmBinder bindRootPersistentClassCommonValues
INFO: Mapping class: com.aug.triton.db.entity.LabMeasurement -> lab_measurement
18-May-2012 1:23:43 PM org.hibernate.cfg.HbmBinder bindRootPersistentClassCommonValues
INFO: Mapping class: com.aug.triton.db.entity.SensorBaseline -> sensor_baseline
18-May-2012 1:23:43 PM org.hibernate.cfg.HbmBinder bindRootPersistentClassCommonValues
INFO: Mapping class: com.aug.triton.db.entity.SensorBaselineSquare -> sensor_baseline_square
18-May-2012 1:23:43 PM org.hibernate.cfg.HbmBinder bindRootPersistentClassCommonValues
INFO: Mapping class: com.aug.triton.db.entity.StripChart -> strip_chart
18-May-2012 1:23:43 PM org.hibernate.cfg.HbmBinder bindRootPersistentClassCommonValues
INFO: Mapping class: com.aug.triton.db.entity.SpectraCaliGroup -> spectra_cali_group
18-May-2012 1:23:43 PM org.hibernate.cfg.HbmBinder bindRootPersistentClassCommonValues
INFO: Mapping class: com.aug.triton.db.entity.SpectraCaliGroupSample -> spectra_cali_group_sample
18-May-2012 1:23:43 PM org.hibernate.cfg.HbmBinder bindRootPersistentClassCommonValues
INFO: Mapping class: com.aug.triton.db.entity.SpectraCaliSampleData -> spectra_cali_sample_data
18-May-2012 1:23:43 PM org.hibernate.cfg.HbmBinder bindRootPersistentClassCommonValues
INFO: Mapping class: com.aug.triton.db.entity.SpectraBaseline -> spectra_baseline
18-May-2012 1:23:43 PM org.hibernate.cfg.HbmBinder bindRootPersistentClassCommonValues
INFO: Mapping class: com.aug.triton.db.entity.SpectraBaselineSquare -> spectra_baseline_square
18-May-2012 1:23:43 PM org.hibernate.cfg.HbmBinder bindRootPersistentClassCommonValues
INFO: Mapping class: com.aug.triton.db.entity.SensorReadingGroup -> sensor_reading_group
18-May-2012 1:23:43 PM org.hibernate.cfg.HbmBinder bindRootPersistentClassCommonValues
INFO: Mapping class: com.aug.triton.db.entity.FinalDetectionSensorGroup -> final_detection_sensor_group
18-May-2012 1:23:43 PM org.hibernate.cfg.HbmBinder bindRootPersistentClassCommonValues
INFO: Mapping class: com.aug.triton.db.entity.FinalDetectionSpectraDetection -> final_detection_spectra_detection
18-May-2012 1:23:44 PM org.hibernate.cfg.HbmBinder bindRootPersistentClassCommonValues
INFO: Mapping class: com.aug.triton.db.entity.SensorCali -> sensor_cali_test
18-May-2012 1:23:44 PM org.hibernate.cfg.HbmBinder bindCollectionSecondPass
INFO: Mapping collection: com.aug.triton.db.entity.Cont.potentialConts -> potential_cont
18-May-2012 1:23:44 PM org.hibernate.cfg.HbmBinder bindCollectionSecondPass
INFO: Mapping collection: com.aug.triton.db.entity.Sensor.sensorReadings -> sensor_reading
18-May-2012 1:23:44 PM org.hibernate.cfg.HbmBinder bindCollectionSecondPass
INFO: Mapping collection: com.aug.triton.db.entity.TapRef.tapRefDatas -> tap_ref_data
18-May-2012 1:23:44 PM org.hibernate.cfg.HbmBinder bindCollectionSecondPass
INFO: Mapping collection: com.aug.triton.db.entity.SpectraDetection.spectraReadings -> spectra_reading
18-May-2012 1:23:44 PM org.hibernate.cfg.HbmBinder bindCollectionSecondPass
INFO: Mapping collection: com.aug.triton.db.entity.SpectraDetection.potentialConts -> potential_cont
18-May-2012 1:23:44 PM org.hibernate.cfg.HbmBinder bindCollectionSecondPass
INFO: Mapping collection: com.aug.triton.db.entity.SpectraDetection.finalDetectionResults -> final_detection_result
18-May-2012 1:23:44 PM org.hibernate.cfg.HbmBinder bindCollectionSecondPass
INFO: Mapping collection: com.aug.triton.db.entity.SensorReadingGroup.sensorReadings -> sensor_reading
18-May-2012 1:23:44 PM org.hibernate.cfg.AnnotationConfiguration secondPassCompile
INFO: Hibernate Validator not found: ignoring
18-May-2012 1:23:44 PM org.hibernate.connection.DriverManagerConnectionProvider configure
INFO: Using Hibernate built-in connection pool (not for production use!)
18-May-2012 1:23:44 PM org.hibernate.connection.DriverManagerConnectionProvider configure
INFO: Hibernate connection pool size: 20
18-May-2012 1:23:44 PM org.hibernate.connection.DriverManagerConnectionProvider configure
INFO: autocommit mode: false
18-May-2012 1:23:44 PM org.hibernate.connection.DriverManagerConnectionProvider configure
INFO: using driver: org.postgresql.Driver at URL: jdbc:postgresql://demeter:5432/iwm
18-May-2012 1:23:44 PM org.hibernate.connection.DriverManagerConnectionProvider configure
INFO: connection properties: {user=iwm, password=****}
18-May-2012 1:23:44 PM org.hibernate.cfg.SettingsFactory buildSettings
INFO: RDBMS: PostgreSQL, version: 9.0.4
18-May-2012 1:23:44 PM org.hibernate.cfg.SettingsFactory buildSettings
INFO: JDBC driver: PostgreSQL Native Driver, version: PostgreSQL 8.3 JDBC3 with SSL (build 603)
18-May-2012 1:23:44 PM org.hibernate.dialect.Dialect <init>
INFO: Using dialect: org.hibernate.dialect.PostgreSQLDialect
18-May-2012 1:23:45 PM org.hibernate.transaction.TransactionFactoryFactory buildTransactionFactory
INFO: Using default transaction strategy (direct JDBC transactions)
18-May-2012 1:23:45 PM org.hibernate.transaction.TransactionManagerLookupFactory getTransactionManagerLookup
INFO: No TransactionManagerLookup configured (in JTA environment, use of read-write or transactional second-level cache is not recommended)
18-May-2012 1:23:45 PM org.hibernate.cfg.SettingsFactory buildSettings
INFO: Automatic flush during beforeCompletion(): disabled
18-May-2012 1:23:45 PM org.hibernate.cfg.SettingsFactory buildSettings
INFO: Automatic session close at end of transaction: disabled
18-May-2012 1:23:45 PM org.hibernate.cfg.SettingsFactory buildSettings
INFO: JDBC batch size: 15
18-May-2012 1:23:45 PM org.hibernate.cfg.SettingsFactory buildSettings
INFO: JDBC batch updates for versioned data: disabled
18-May-2012 1:23:45 PM org.hibernate.cfg.SettingsFactory buildSettings
INFO: Scrollable result sets: enabled
18-May-2012 1:23:45 PM org.hibernate.cfg.SettingsFactory buildSettings
INFO: JDBC3 getGeneratedKeys(): disabled
18-May-2012 1:23:45 PM org.hibernate.cfg.SettingsFactory buildSettings
INFO: Connection release mode: auto
18-May-2012 1:23:45 PM org.hibernate.cfg.SettingsFactory buildSettings
INFO: Default batch fetch size: 1
18-May-2012 1:23:45 PM org.hibernate.cfg.SettingsFactory buildSettings
INFO: Generate SQL with comments: disabled
18-May-2012 1:23:45 PM org.hibernate.cfg.SettingsFactory buildSettings
INFO: Order SQL updates by primary key: disabled
18-May-2012 1:23:45 PM org.hibernate.cfg.SettingsFactory buildSettings
INFO: Order SQL inserts for batching: disabled
18-May-2012 1:23:45 PM org.hibernate.cfg.SettingsFactory createQueryTranslatorFactory
INFO: Query translator: org.hibernate.hql.ast.ASTQueryTranslatorFactory
18-May-2012 1:23:45 PM org.hibernate.hql.ast.ASTQueryTranslatorFactory <init>
INFO: Using ASTQueryTranslatorFactory
18-May-2012 1:23:45 PM org.hibernate.cfg.SettingsFactory buildSettings
INFO: Query language substitutions: {}
18-May-2012 1:23:45 PM org.hibernate.cfg.SettingsFactory buildSettings
INFO: JPA-QL strict compliance: disabled
18-May-2012 1:23:45 PM org.hibernate.cfg.SettingsFactory buildSettings
INFO: Second-level cache: enabled
18-May-2012 1:23:45 PM org.hibernate.cfg.SettingsFactory buildSettings
INFO: Query cache: disabled
18-May-2012 1:23:45 PM org.hibernate.cfg.SettingsFactory createCacheProvider
INFO: Cache provider: org.hibernate.cache.NoCacheProvider
18-May-2012 1:23:45 PM org.hibernate.cfg.SettingsFactory buildSettings
INFO: Optimize cache for minimal puts: disabled
18-May-2012 1:23:45 PM org.hibernate.cfg.SettingsFactory buildSettings
INFO: Structured second-level cache entries: disabled
18-May-2012 1:23:45 PM org.hibernate.cfg.SettingsFactory buildSettings
INFO: Statistics: disabled
18-May-2012 1:23:45 PM org.hibernate.cfg.SettingsFactory buildSettings
INFO: Deleted entity synthetic identifier rollback: disabled
18-May-2012 1:23:45 PM org.hibernate.cfg.SettingsFactory buildSettings
INFO: Default entity-mode: pojo
18-May-2012 1:23:45 PM org.hibernate.cfg.SettingsFactory buildSettings
INFO: Named query checking : enabled
18-May-2012 1:23:45 PM org.hibernate.impl.SessionFactoryImpl <init>
INFO: building session factory
*** Profiler engine warning: class sun.reflect.GeneratedConstructorAccessor2 that should be instrumented is not loaded by target VM
*** Requested classloader: sun.reflect.DelegatingClassLoader@18c6916, its class = class sun.reflect.DelegatingClassLoader, index = 7, hashcode = 25979158
*** Profiler engine warning: target VM cannot load class to instrument sun.reflect.GeneratedConstructorAccessor2
*** probably it has been unloaded recently
18-May-2012 1:23:49 PM org.hibernate.impl.SessionFactoryObjectFactory addInstance
INFO: Not binding factory to JNDI, no JNDI name configured
*** Profiler engine warning: class sun.reflect.GeneratedSerializationConstructorAccessor1 that should be instrumented is not loaded by target VM
*** Requested classloader: sun.reflect.DelegatingClassLoader@1dce4ff, its class = class sun.reflect.DelegatingClassLoader, index = 22, hashcode = 31253759
*** Profiler engine warning: target VM cannot load class to instrument sun.reflect.GeneratedSerializationConstructorAccessor1
*** probably it has been unloaded recently
*** Profiler engine warning: class sun.reflect.GeneratedSerializationConstructorAccessor2 that should be instrumented is not loaded by target VM
*** Requested classloader: sun.reflect.DelegatingClassLoader@754707, its class = class sun.reflect.DelegatingClassLoader, index = 23, hashcode = 7685895
*** Profiler engine warning: target VM cannot load class to instrument sun.reflect.GeneratedSerializationConstructorAccessor2
*** probably it has been unloaded recently
*** Profiler engine warning: class sun.reflect.GeneratedSerializationConstructorAccessor3 that should be instrumented is not loaded by target VM
*** Requested classloader: sun.reflect.DelegatingClassLoader@14a921a, its class = class sun.reflect.DelegatingClassLoader, index = 24, hashcode = 21664282
*** Profiler engine warning: target VM cannot load class to instrument sun.reflect.GeneratedSerializationConstructorAccessor3
*** probably it has been unloaded recently
*** Profiler engine warning: class sun.reflect.GeneratedSerializationConstructorAccessor4 that should be instrumented is not loaded by target VM
*** Requested classloader: sun.reflect.DelegatingClassLoader@795bc5, its class = class sun.reflect.DelegatingClassLoader, index = 25, hashcode = 7953349
*** Profiler engine warning: target VM cannot load class to instrument sun.reflect.GeneratedSerializationConstructorAccessor4
*** probably it has been unloaded recently
*** Profiler engine warning: class sun.reflect.GeneratedSerializationConstructorAccessor5 that should be instrumented is not loaded by target VM
*** Requested classloader: sun.reflect.DelegatingClassLoader@1ed01c8, its class = class sun.reflect.DelegatingClassLoader, index = 26, hashcode = 32309704
*** Profiler engine warning: target VM cannot load class to instrument sun.reflect.GeneratedSerializationConstructorAccessor5
*** probably it has been unloaded recently
*** Profiler engine warning: class sun.reflect.GeneratedSerializationConstructorAccessor6 that should be instrumented is not loaded by target VM
*** Requested classloader: sun.reflect.DelegatingClassLoader@13734e9, its class = class sun.reflect.DelegatingClassLoader, index = 27, hashcode = 20395241
*** Profiler engine warning: target VM cannot load class to instrument sun.reflect.GeneratedSerializationConstructorAccessor6
*** probably it has been unloaded recently
*** Profiler engine warning: class sun.reflect.GeneratedSerializationConstructorAccessor7 that should be instrumented is not loaded by target VM
*** Requested classloader: sun.reflect.DelegatingClassLoader@573557, its class = class sun.reflect.DelegatingClassLoader, index = 28, hashcode = 5715287
*** Profiler engine warning: target VM cannot load class to instrument sun.reflect.GeneratedSerializationConstructorAccessor7
*** probably it has been unloaded recently
*** Profiler engine warning: class sun.reflect.GeneratedConstructorAccessor3 that should be instrumented is not loaded by target VM
*** Requested classloader: sun.reflect.DelegatingClassLoader@fbf8a5, its class = class sun.reflect.DelegatingClassLoader, index = 29, hashcode = 16513189
*** Profiler engine warning: target VM cannot load class to instrument sun.reflect.GeneratedConstructorAccessor3
*** probably it has been unloaded recently
*** Profiler engine warning: class sun.reflect.GeneratedSerializationConstructorAccessor8 that should be instrumented is not loaded by target VM
*** Requested classloader: sun.reflect.DelegatingClassLoader@19fce53, its class = class sun.reflect.DelegatingClassLoader, index = 30, hashcode = 27250259
*** Profiler engine warning: target VM cannot load class to instrument sun.reflect.GeneratedSerializationConstructorAccessor8
*** probably it has been unloaded recently
*** Profiler engine warning: class sun.reflect.GeneratedSerializationConstructorAccessor9 that should be instrumented is not loaded by target VM
*** Requested classloader: sun.reflect.DelegatingClassLoader@712b2f, its class = class sun.reflect.DelegatingClassLoader, index = 31, hashcode = 7416623
*** Profiler engine warning: target VM cannot load class to instrument sun.reflect.GeneratedSerializationConstructorAccessor9
*** probably it has been unloaded recently
*** Profiler engine warning: class sun.reflect.GeneratedSerializationConstructorAccessor10 that should be instrumented is not loaded by target VM
*** Requested classloader: sun.reflect.DelegatingClassLoader@70f94c, its class = class sun.reflect.DelegatingClassLoader, index = 32, hashcode = 7403852
*** Profiler engine warning: target VM cannot load class to instrument sun.reflect.GeneratedSerializationConstructorAccessor10
*** probably it has been unloaded recently
*** Profiler engine warning: class sun.reflect.GeneratedSerializationConstructorAccessor11 that should be instrumented is not loaded by target VM
*** Requested classloader: sun.reflect.DelegatingClassLoader@10b9eb6, its class = class sun.reflect.DelegatingClassLoader, index = 33, hashcode = 17538742
*** Profiler engine warning: target VM cannot load class to instrument sun.reflect.GeneratedSerializationConstructorAccessor11
*** probably it has been unloaded recently
*** Profiler engine warning: class sun.reflect.GeneratedSerializationConstructorAccessor12 that should be instrumented is not loaded by target VM
*** Requested classloader: sun.reflect.DelegatingClassLoader@19e75a, its class = class sun.reflect.DelegatingClassLoader, index = 34, hashcode = 1697626
*** Profiler engine warning: target VM cannot load class to instrument sun.reflect.GeneratedSerializationConstructorAccessor12
*** probably it has been unloaded recently
*** Profiler engine warning: class sun.reflect.GeneratedSerializationConstructorAccessor13 that should be instrumented is not loaded by target VM
*** Requested classloader: sun.reflect.DelegatingClassLoader@53569a, its class = class sun.reflect.DelegatingClassLoader, index = 35, hashcode = 5461658
*** Profiler engine warning: target VM cannot load class to instrument sun.reflect.GeneratedSerializationConstructorAccessor13
*** probably it has been unloaded recently
*** Profiler engine warning: class sun.reflect.GeneratedSerializationConstructorAccessor14 that should be instrumented is not loaded by target VM
*** Requested classloader: sun.reflect.DelegatingClassLoader@ade065, its class = class sun.reflect.DelegatingClassLoader, index = 36, hashcode = 11395173
*** Profiler engine warning: target VM cannot load class to instrument sun.reflect.GeneratedSerializationConstructorAccessor14
*** probably it has been unloaded recently
*** Profiler engine warning: class sun.reflect.GeneratedSerializationConstructorAccessor15 that should be instrumented is not loaded by target VM
*** Requested classloader: sun.reflect.DelegatingClassLoader@19272a9, its class = class sun.reflect.DelegatingClassLoader, index = 37, hashcode = 26374825
*** Profiler engine warning: target VM cannot load class to instrument sun.reflect.GeneratedSerializationConstructorAccessor15
*** probably it has been unloaded recently
*** Profiler engine warning: class sun.reflect.GeneratedSerializationConstructorAccessor16 that should be instrumented is not loaded by target VM
*** Requested classloader: sun.reflect.DelegatingClassLoader@49af03, its class = class sun.reflect.DelegatingClassLoader, index = 38, hashcode = 4828931
*** Profiler engine warning: target VM cannot load class to instrument sun.reflect.GeneratedSerializationConstructorAccessor16
*** probably it has been unloaded recently
*** Profiler engine warning: class sun.reflect.GeneratedSerializationConstructorAccessor17 that should be instrumented is not loaded by target VM
*** Requested classloader: sun.reflect.DelegatingClassLoader@1b3ac8d, its class = class sun.reflect.DelegatingClassLoader, index = 39, hashcode = 28552333
*** Profiler engine warning: target VM cannot load class to instrument sun.reflect.GeneratedSerializationConstructorAccessor17
*** probably it has been unloaded recently
*** Profiler engine warning: class sun.reflect.GeneratedSerializationConstructorAccessor18 that should be instrumented is not loaded by target VM
*** Requested classloader: sun.reflect.DelegatingClassLoader@e3150c, its class = class sun.reflect.DelegatingClassLoader, index = 40, hashcode = 14882060
*** Profiler engine warning: target VM cannot load class to instrument sun.reflect.GeneratedSerializationConstructorAccessor18
*** probably it has been unloaded recently
*** Profiler engine warning: class sun.reflect.GeneratedSerializationConstructorAccessor19 that should be instrumented is not loaded by target VM
*** Requested classloader: sun.reflect.DelegatingClassLoader@1d49df3, its class = class sun.reflect.DelegatingClassLoader, index = 41, hashcode = 30711283
*** Profiler engine warning: target VM cannot load class to instrument sun.reflect.GeneratedSerializationConstructorAccessor19
*** probably it has been unloaded recently
*** Profiler engine warning: class sun.reflect.GeneratedSerializationConstructorAccessor20 that should be instrumented is not loaded by target VM
*** Requested classloader: sun.reflect.DelegatingClassLoader@1157032, its class = class sun.reflect.DelegatingClassLoader, index = 42, hashcode = 18182194
*** Profiler engine warning: target VM cannot load class to instrument sun.reflect.GeneratedSerializationConstructorAccessor20
*** probably it has been unloaded recently
*** Profiler engine warning: class sun.reflect.GeneratedSerializationConstructorAccessor21 that should be instrumented is not loaded by target VM
*** Requested classloader: sun.reflect.DelegatingClassLoader@8957cd, its class = class sun.reflect.DelegatingClassLoader, index = 43, hashcode = 9000909
*** Profiler engine warning: target VM cannot load class to instrument sun.reflect.GeneratedSerializationConstructorAccessor21
*** probably it has been unloaded recently
*** Profiler engine warning: class sun.reflect.GeneratedSerializationConstructorAccessor22 that should be instrumented is not loaded by target VM
*** Requested classloader: sun.reflect.DelegatingClassLoader@181ad9f, its class = class sun.reflect.DelegatingClassLoader, index = 45, hashcode = 25275807
*** Profiler engine warning: target VM cannot load class to instrument sun.reflect.GeneratedSerializationConstructorAccessor22
*** probably it has been unloaded recently
*** Profiler engine warning: class sun.reflect.GeneratedSerializationConstructorAccessor23 that should be instrumented is not loaded by target VM
*** Requested classloader: sun.reflect.DelegatingClassLoader@12d419c, its class = class sun.reflect.DelegatingClassLoader, index = 46, hashcode = 19743132
*** Profiler engine warning: target VM cannot load class to instrument sun.reflect.GeneratedSerializationConstructorAccessor23
*** probably it has been unloaded recently
*** Profiler engine warning: class sun.reflect.GeneratedSerializationConstructorAccessor24 that should be instrumented is not loaded by target VM
*** Requested classloader: sun.reflect.DelegatingClassLoader@154e153, its class = class sun.reflect.DelegatingClassLoader, index = 47, hashcode = 22339923
*** Profiler engine warning: target VM cannot load class to instrument sun.reflect.GeneratedSerializationConstructorAccessor24
*** probably it has been unloaded recently
*** Profiler engine warning: class sun.reflect.GeneratedSerializationConstructorAccessor25 that should be instrumented is not loaded by target VM
*** Requested classloader: sun.reflect.DelegatingClassLoader@a8436c, its class = class sun.reflect.DelegatingClassLoader, index = 48, hashcode = 11027308
*** Profiler engine warning: target VM cannot load class to instrument sun.reflect.GeneratedSerializationConstructorAccessor25
*** probably it has been unloaded recently
*** Profiler engine warning: class sun.reflect.GeneratedSerializationConstructorAccessor26 that should be instrumented is not loaded by target VM
*** Requested classloader: sun.reflect.DelegatingClassLoader@a43cf6, its class = class sun.reflect.DelegatingClassLoader, index = 49, hashcode = 10763510
*** Profiler engine warning: target VM cannot load class to instrument sun.reflect.GeneratedSerializationConstructorAccessor26
*** probably it has been unloaded recently
*** Profiler engine warning: class sun.reflect.GeneratedSerializationConstructorAccessor27 that should be instrumented is not loaded by target VM
*** Requested classloader: sun.reflect.DelegatingClassLoader@10f6bff, its class = class sun.reflect.DelegatingClassLoader, index = 50, hashcode = 17787903
*** Profiler engine warning: target VM cannot load class to instrument sun.reflect.GeneratedSerializationConstructorAccessor27
*** probably it has been unloaded recently
*** Profiler engine warning: class sun.reflect.GeneratedSerializationConstructorAccessor28 that should be instrumented is not loaded by target VM
*** Requested classloader: sun.reflect.DelegatingClassLoader@156d038, its class = class sun.reflect.DelegatingClassLoader, index = 51, hashcode = 22466616
*** Profiler engine warning: target VM cannot load class to instrument sun.reflect.GeneratedSerializationConstructorAccessor28
*** probably it has been unloaded recently
*** Profiler engine warning: class sun.reflect.GeneratedSerializationConstructorAccessor29 that should be instrumented is not loaded by target VM
*** Requested classloader: sun.reflect.DelegatingClassLoader@b515f2, its class = class sun.reflect.DelegatingClassLoader, index = 52, hashcode = 11867634
*** Profiler engine warning: target VM cannot load class to instrument sun.reflect.GeneratedSerializationConstructorAccessor29
*** probably it has been unloaded recently
*** Profiler engine warning: class sun.reflect.GeneratedSerializationConstructorAccessor30 that should be instrumented is not loaded by target VM
*** Requested classloader: sun.reflect.DelegatingClassLoader@5065d4, its class = class sun.reflect.DelegatingClassLoader, index = 89, hashcode = 5268948
*** Profiler engine warning: target VM cannot load class to instrument sun.reflect.GeneratedSerializationConstructorAccessor30
*** probably it has been unloaded recently
*** Profiler engine warning: class sun.reflect.GeneratedSerializationConstructorAccessor31 that should be instrumented is not loaded by target VM
*** Requested classloader: sun.reflect.DelegatingClassLoader@109622e, its class = class sun.reflect.DelegatingClassLoader, index = 90, hashcode = 17392174
*** Profiler engine warning: target VM cannot load class to instrument sun.reflect.GeneratedSerializationConstructorAccessor31
*** probably it has been unloaded recently
*** Profiler engine warning: class sun.reflect.GeneratedSerializationConstructorAccessor32 that should be instrumented is not loaded by target VM
*** Requested classloader: sun.reflect.DelegatingClassLoader@158758a, its class = class sun.reflect.DelegatingClassLoader, index = 91, hashcode = 22574474
*** Profiler engine warning: target VM cannot load class to instrument sun.reflect.GeneratedSerializationConstructorAccessor32
*** probably it has been unloaded recently
*** Profiler engine warning: class sun.reflect.GeneratedSerializationConstructorAccessor33 that should be instrumented is not loaded by target VM
*** Requested classloader: sun.reflect.DelegatingClassLoader@1057d49, its class = class sun.reflect.DelegatingClassLoader, index = 92, hashcode = 17136969
*** Profiler engine warning: target VM cannot load class to instrument sun.reflect.GeneratedSerializationConstructorAccessor33
*** probably it has been unloaded recently
*** Profiler engine warning: class sun.reflect.GeneratedSerializationConstructorAccessor34 that should be instrumented is not loaded by target VM
*** Requested classloader: sun.reflect.DelegatingClassLoader@132271f, its class = class sun.reflect.DelegatingClassLoader, index = 93, hashcode = 20064031
*** Profiler engine warning: target VM cannot load class to instrument sun.reflect.GeneratedSerializationConstructorAccessor34
*** probably it has been unloaded recently
*** Profiler engine warning: class sun.reflect.GeneratedSerializationConstructorAccessor35 that should be instrumented is not loaded by target VM
*** Requested classloader: sun.reflect.DelegatingClassLoader@122a0f1, its class = class sun.reflect.DelegatingClassLoader, index = 94, hashcode = 19046641
*** Profiler engine warning: target VM cannot load class to instrument sun.reflect.GeneratedSerializationConstructorAccessor35
*** probably it has been unloaded recently
*** Profiler engine warning: class sun.reflect.GeneratedSerializationConstructorAccessor36 that should be instrumented is not loaded by target VM
*** Requested classloader: sun.reflect.DelegatingClassLoader@1dc41e2, its class = class sun.reflect.DelegatingClassLoader, index = 95, hashcode = 31212002
*** Profiler engine warning: target VM cannot load class to instrument sun.reflect.GeneratedSerializationConstructorAccessor36
*** probably it has been unloaded recently
*** Profiler engine warning: class sun.reflect.GeneratedSerializationConstructorAccessor37 that should be instrumented is not loaded by target VM
*** Requested classloader: sun.reflect.DelegatingClassLoader@1d957ac, its class = class sun.reflect.DelegatingClassLoader, index = 96, hashcode = 31020972
*** Profiler engine warning: target VM cannot load class to instrument sun.reflect.GeneratedSerializationConstructorAccessor37
*** probably it has been unloaded recently
*** Profiler engine warning: class sun.reflect.GeneratedSerializationConstructorAccessor38 that should be instrumented is not loaded by target VM
*** Requested classloader: sun.reflect.DelegatingClassLoader@56e76c, its class = class sun.reflect.DelegatingClassLoader, index = 97, hashcode = 5695340
*** Profiler engine warning: target VM cannot load class to instrument sun.reflect.GeneratedSerializationConstructorAccessor38
*** probably it has been unloaded recently
*** Profiler engine warning: class sun.reflect.GeneratedSerializationConstructorAccessor39 that should be instrumented is not loaded by target VM
*** Requested classloader: sun.reflect.DelegatingClassLoader@c7f15a, its class = class sun.reflect.DelegatingClassLoader, index = 98, hashcode = 13103450
*** Profiler engine warning: target VM cannot load class to instrument sun.reflect.GeneratedSerializationConstructorAccessor39
*** probably it has been unloaded recently
*** Profiler engine warning: class sun.reflect.GeneratedSerializationConstructorAccessor40 that should be instrumented is not loaded by target VM
*** Requested classloader: sun.reflect.DelegatingClassLoader@43790, its class = class sun.reflect.DelegatingClassLoader, index = 99, hashcode = 276368
*** Profiler engine warning: target VM cannot load class to instrument sun.reflect.GeneratedSerializationConstructorAccessor40
*** probably it has been unloaded recently
*** Profiler engine warning: class sun.reflect.GeneratedSerializationConstructorAccessor41 that should be instrumented is not loaded by target VM
*** Requested classloader: sun.reflect.DelegatingClassLoader@1fd5eda, its class = class sun.reflect.DelegatingClassLoader, index = 100, hashcode = 33382106
*** Profiler engine warning: target VM cannot load class to instrument sun.reflect.GeneratedSerializationConstructorAccessor41
*** probably it has been unloaded recently
*** Profiler engine warning: class sun.reflect.GeneratedSerializationConstructorAccessor42 that should be instrumented is not loaded by target VM
*** Requested classloader: sun.reflect.DelegatingClassLoader@133d160, its class = class sun.reflect.DelegatingClassLoader, index = 101, hashcode = 20173152
*** Profiler engine warning: target VM cannot load class to instrument sun.reflect.GeneratedSerializationConstructorAccessor42
*** probably it has been unloaded recently
*** Profiler engine warning: class sun.reflect.GeneratedSerializationConstructorAccessor43 that should be instrumented is not loaded by target VM
*** Requested classloader: sun.reflect.DelegatingClassLoader@f9525d, its class = class sun.reflect.DelegatingClassLoader, index = 105, hashcode = 16339549
*** Profiler engine warning: target VM cannot load class to instrument sun.reflect.GeneratedSerializationConstructorAccessor43
*** probably it has been unloaded recently
*** Profiler engine warning: class sun.reflect.GeneratedSerializationConstructorAccessor44 that should be instrumented is not loaded by target VM
*** Requested classloader: sun.reflect.DelegatingClassLoader@1c0e2d0, its class = class sun.reflect.DelegatingClassLoader, index = 106, hashcode = 29418192
*** Profiler engine warning: target VM cannot load class to instrument sun.reflect.GeneratedSerializationConstructorAccessor44
*** probably it has been unloaded recently
*** Profiler engine warning: class sun.reflect.GeneratedSerializationConstructorAccessor45 that should be instrumented is not loaded by target VM
*** Requested classloader: sun.reflect.DelegatingClassLoader@1e0246b, its class = class sun.reflect.DelegatingClassLoader, index = 107, hashcode = 31466603
*** Profiler engine warning: target VM cannot load class to instrument sun.reflect.GeneratedSerializationConstructorAccessor45
*** probably it has been unloaded recently
*** Profiler engine warning: class sun.reflect.GeneratedSerializationConstructorAccessor46 that should be instrumented is not loaded by target VM
*** Requested classloader: sun.reflect.DelegatingClassLoader@6d4c5c, its class = class sun.reflect.DelegatingClassLoader, index = 108, hashcode = 7162972
*** Profiler engine warning: target VM cannot load class to instrument sun.reflect.GeneratedSerializationConstructorAccessor46
*** probably it has been unloaded recently
*** Profiler engine warning: class sun.reflect.GeneratedSerializationConstructorAccessor47 that should be instrumented is not loaded by target VM
*** Requested classloader: sun.reflect.DelegatingClassLoader@13114fb, its class = class sun.reflect.DelegatingClassLoader, index = 109, hashcode = 19993851
*** Profiler engine warning: target VM cannot load class to instrument sun.reflect.GeneratedSerializationConstructorAccessor47
*** probably it has been unloaded recently
*** Profiler engine warning: class sun.reflect.GeneratedSerializationConstructorAccessor48 that should be instrumented is not loaded by target VM
*** Requested classloader: sun.reflect.DelegatingClassLoader@11753e9, its class = class sun.reflect.DelegatingClassLoader, index = 110, hashcode = 18306025
*** Profiler engine warning: target VM cannot load class to instrument sun.reflect.GeneratedSerializationConstructorAccessor48
*** probably it has been unloaded recently
*** Profiler engine warning: class sun.reflect.GeneratedSerializationConstructorAccessor49 that should be instrumented is not loaded by target VM
*** Requested classloader: sun.reflect.DelegatingClassLoader@19414ed, its class = class sun.reflect.DelegatingClassLoader, index = 111, hashcode = 26481901
*** Profiler engine warning: target VM cannot load class to instrument sun.reflect.GeneratedSerializationConstructorAccessor49
*** probably it has been unloaded recently
*** Profiler engine warning: class sun.reflect.GeneratedSerializationConstructorAccessor50 that should be instrumented is not loaded by target VM
*** Requested classloader: sun.reflect.DelegatingClassLoader@a5a17c, its class = class sun.reflect.DelegatingClassLoader, index = 112, hashcode = 10854780
*** Profiler engine warning: target VM cannot load class to instrument sun.reflect.GeneratedSerializationConstructorAccessor50
*** probably it has been unloaded recently
*** Profiler engine warning: class sun.reflect.GeneratedSerializationConstructorAccessor51 that should be instrumented is not loaded by target VM
*** Requested classloader: sun.reflect.DelegatingClassLoader@1c90fda, its class = class sun.reflect.DelegatingClassLoader, index = 113, hashcode = 29954010
*** Profiler engine warning: target VM cannot load class to instrument sun.reflect.GeneratedSerializationConstructorAccessor51
*** probably it has been unloaded recently
*** Profiler engine warning: class sun.reflect.GeneratedSerializationConstructorAccessor52 that should be instrumented is not loaded by target VM
*** Requested classloader: sun.reflect.DelegatingClassLoader@1ec907f, its class = class sun.reflect.DelegatingClassLoader, index = 114, hashcode = 32280703
*** Profiler engine warning: target VM cannot load class to instrument sun.reflect.GeneratedSerializationConstructorAccessor52
*** probably it has been unloaded recently
*** Profiler engine warning: class sun.reflect.GeneratedSerializationConstructorAccessor53 that should be instrumented is not loaded by target VM
*** Requested classloader: sun.reflect.DelegatingClassLoader@1e5be88, its class = class sun.reflect.DelegatingClassLoader, index = 115, hashcode = 31833736
*** Profiler engine warning: target VM cannot load class to instrument sun.reflect.GeneratedSerializationConstructorAccessor53
*** probably it has been unloaded recently
*** Profiler engine warning: class sun.reflect.GeneratedSerializationConstructorAccessor54 that should be instrumented is not loaded by target VM
*** Requested classloader: sun.reflect.DelegatingClassLoader@da860d, its class = class sun.reflect.DelegatingClassLoader, index = 116, hashcode = 14321165
*** Profiler engine warning: target VM cannot load class to instrument sun.reflect.GeneratedSerializationConstructorAccessor54
*** probably it has been unloaded recently
*** Profiler engine warning: class sun.reflect.GeneratedSerializationConstructorAccessor55 that should be instrumented is not loaded by target VM
*** Requested classloader: sun.reflect.DelegatingClassLoader@1681561, its class = class sun.reflect.DelegatingClassLoader, index = 117, hashcode = 23598433
*** Profiler engine warning: target VM cannot load class to instrument sun.reflect.GeneratedSerializationConstructorAccessor55
*** probably it has been unloaded recently
*** Profiler engine warning: class sun.reflect.GeneratedSerializationConstructorAccessor56 that should be instrumented is not loaded by target VM
*** Requested classloader: sun.reflect.DelegatingClassLoader@33dcd, its class = class sun.reflect.DelegatingClassLoader, index = 118, hashcode = 212429
*** Profiler engine warning: target VM cannot load class to instrument sun.reflect.GeneratedSerializationConstructorAccessor56
*** probably it has been unloaded recently
*** Profiler engine warning: class sun.reflect.GeneratedSerializationConstructorAccessor57 that should be instrumented is not loaded by target VM
*** Requested classloader: sun.reflect.DelegatingClassLoader@677fb6, its class = class sun.reflect.DelegatingClassLoader, index = 119, hashcode = 6782902
*** Profiler engine warning: target VM cannot load class to instrument sun.reflect.GeneratedSerializationConstructorAccessor57
*** probably it has been unloaded recently
*** Profiler engine warning: class sun.reflect.GeneratedSerializationConstructorAccessor58 that should be instrumented is not loaded by target VM
*** Requested classloader: sun.reflect.DelegatingClassLoader@1e1df96, its class = class sun.reflect.DelegatingClassLoader, index = 120, hashcode = 31580054
*** Profiler engine warning: target VM cannot load class to instrument sun.reflect.GeneratedSerializationConstructorAccessor58
*** probably it has been unloaded recently
*** Profiler engine warning: class sun.reflect.GeneratedSerializationConstructorAccessor59 that should be instrumented is not loaded by target VM
*** Requested classloader: sun.reflect.DelegatingClassLoader@a244cf, its class = class sun.reflect.DelegatingClassLoader, index = 125, hashcode = 10634447
*** Profiler engine warning: target VM cannot load class to instrument sun.reflect.GeneratedSerializationConstructorAccessor59
*** probably it has been unloaded recently
*** Profiler engine warning: class sun.reflect.GeneratedSerializationConstructorAccessor60 that should be instrumented is not loaded by target VM
*** Requested classloader: sun.reflect.DelegatingClassLoader@9ec822, its class = class sun.reflect.DelegatingClassLoader, index = 126, hashcode = 10405922
*** Profiler engine warning: target VM cannot load class to instrument sun.reflect.GeneratedSerializationConstructorAccessor60
*** probably it has been unloaded recently
*** Profiler engine warning: class sun.reflect.GeneratedSerializationConstructorAccessor61 that should be instrumented is not loaded by target VM
*** Requested classloader: sun.reflect.DelegatingClassLoader@27c783, its class = class sun.reflect.DelegatingClassLoader, index = 127, hashcode = 2606979
*** Profiler engine warning: target VM cannot load class to instrument sun.reflect.GeneratedSerializationConstructorAccessor61
*** probably it has been unloaded recently
*** Profiler engine warning: class sun.reflect.GeneratedSerializationConstructorAccessor62 that should be instrumented is not loaded by target VM
*** Requested classloader: sun.reflect.DelegatingClassLoader@1704042, its class = class sun.reflect.DelegatingClassLoader, index = 128, hashcode = 24133698
*** Profiler engine warning: target VM cannot load class to instrument sun.reflect.GeneratedSerializationConstructorAccessor62
*** probably it has been unloaded recently
*** Profiler engine warning: class sun.reflect.GeneratedSerializationConstructorAccessor63 that should be instrumented is not loaded by target VM
*** Requested classloader: sun.reflect.DelegatingClassLoader@1354b33, its class = class sun.reflect.DelegatingClassLoader, index = 129, hashcode = 20269875
*** Profiler engine warning: target VM cannot load class to instrument sun.reflect.GeneratedSerializationConstructorAccessor63
*** probably it has been unloaded recently
*** Profiler engine warning: class sun.reflect.GeneratedSerializationConstructorAccessor64 that should be instrumented is not loaded by target VM
*** Requested classloader: sun.reflect.DelegatingClassLoader@1c0ca43, its class = class sun.reflect.DelegatingClassLoader, index = 130, hashcode = 29411907
*** Profiler engine warning: target VM cannot load class to instrument sun.reflect.GeneratedSerializationConstructorAccessor64
*** probably it has been unloaded recently
*** Profiler engine warning: class sun.reflect.GeneratedSerializationConstructorAccessor65 that should be instrumented is not loaded by target VM
*** Requested classloader: sun.reflect.DelegatingClassLoader@4375ab, its class = class sun.reflect.DelegatingClassLoader, index = 131, hashcode = 4421035
*** Profiler engine warning: target VM cannot load class to instrument sun.reflect.GeneratedSerializationConstructorAccessor65
*** probably it has been unloaded recently
*** Profiler engine warning: class sun.reflect.GeneratedSerializationConstructorAccessor66 that should be instrumented is not loaded by target VM
*** Requested classloader: sun.reflect.DelegatingClassLoader@492cc5, its class = class sun.reflect.DelegatingClassLoader, index = 132, hashcode = 4795589
*** Profiler engine warning: target VM cannot load class to instrument sun.reflect.GeneratedSerializationConstructorAccessor66
*** probably it has been unloaded recently
*** Profiler engine warning: class sun.reflect.GeneratedSerializationConstructorAccessor67 that should be instrumented is not loaded by target VM
*** Requested classloader: sun.reflect.DelegatingClassLoader@e7804d, its class = class sun.reflect.DelegatingClassLoader, index = 133, hashcode = 15171661
*** Profiler engine warning: target VM cannot load class to instrument sun.reflect.GeneratedSerializationConstructorAccessor67
*** probably it has been unloaded recently
*** Profiler engine warning: class sun.reflect.GeneratedSerializationConstructorAccessor68 that should be instrumented is not loaded by target VM
*** Requested classloader: sun.reflect.DelegatingClassLoader@1f6e9c8, its class = class sun.reflect.DelegatingClassLoader, index = 134, hashcode = 32958920
*** Profiler engine warning: target VM cannot load class to instrument sun.reflect.GeneratedSerializationConstructorAccessor68
*** probably it has been unloaded recently
*** Profiler engine warning: class sun.reflect.GeneratedSerializationConstructorAccessor69 that should be instrumented is not loaded by target VM
*** Requested classloader: sun.reflect.DelegatingClassLoader@1ca8a70, its class = class sun.reflect.DelegatingClassLoader, index = 135, hashcode = 30050928
*** Profiler engine warning: target VM cannot load class to instrument sun.reflect.GeneratedSerializationConstructorAccessor69
*** probably it has been unloaded recently
*** Profiler engine warning: class sun.reflect.GeneratedSerializationConstructorAccessor70 that should be instrumented is not loaded by target VM
*** Requested classloader: sun.reflect.DelegatingClassLoader@75dde4, its class = class sun.reflect.DelegatingClassLoader, index = 136, hashcode = 7724516
*** Profiler engine warning: target VM cannot load class to instrument sun.reflect.GeneratedSerializationConstructorAccessor70
*** probably it has been unloaded recently
*** Profiler engine warning: class sun.reflect.GeneratedSerializationConstructorAccessor71 that should be instrumented is not loaded by target VM
*** Requested classloader: sun.reflect.DelegatingClassLoader@b13465, its class = class sun.reflect.DelegatingClassLoader, index = 137, hashcode = 11613285
*** Profiler engine warning: target VM cannot load class to instrument sun.reflect.GeneratedSerializationConstructorAccessor71
*** probably it has been unloaded recently
*** Profiler engine warning: class sun.reflect.GeneratedSerializationConstructorAccessor72 that should be instrumented is not loaded by target VM
*** Requested classloader: sun.reflect.DelegatingClassLoader@aca352, its class = class sun.reflect.DelegatingClassLoader, index = 141, hashcode = 11314002
*** Profiler engine warning: target VM cannot load class to instrument sun.reflect.GeneratedSerializationConstructorAccessor72
*** probably it has been unloaded recently
*** Profiler engine warning: class sun.reflect.GeneratedSerializationConstructorAccessor73 that should be instrumented is not loaded by target VM
*** Requested classloader: sun.reflect.DelegatingClassLoader@61e59e, its class = class sun.reflect.DelegatingClassLoader, index = 142, hashcode = 6415774
*** Profiler engine warning: target VM cannot load class to instrument sun.reflect.GeneratedSerializationConstructorAccessor73
*** probably it has been unloaded recently
*** Profiler engine warning: class sun.reflect.GeneratedSerializationConstructorAccessor74 that should be instrumented is not loaded by target VM
*** Requested classloader: sun.reflect.DelegatingClassLoader@1ee664c, its class = class sun.reflect.DelegatingClassLoader, index = 143, hashcode = 32400972
*** Profiler engine warning: target VM cannot load class to instrument sun.reflect.GeneratedSerializationConstructorAccessor74
*** probably it has been unloaded recently
18-May-2012 1:30:44 PM org.hibernate.util.JDBCExceptionReporter logExceptions
WARNING: SQL Error: 0, SQLState: null
18-May-2012 1:30:44 PM org.hibernate.util.JDBCExceptionReporter logExceptions
SEVERE: Batch entry 0 insert into sensor_cali_test (lastcalibrated, offset_, readingadjustment, maxcurrent, maxvalue, mincurrent, minvalue, shuntresistance, devicechannel, sensor_id, id) values (test, 7.0, 3.0, 5.0, 6.0, 3.0, 3.0, 4.0, test2, NULL, 1) was aborted.  Call getNextException to see the cause.
18-May-2012 1:30:44 PM org.hibernate.util.JDBCExceptionReporter logExceptions
WARNING: SQL Error: 0, SQLState: 23505
18-May-2012 1:30:45 PM org.hibernate.util.JDBCExceptionReporter logExceptions
SEVERE: ERROR: duplicate key value violates unique constraint "sensor_cali_test_pkey"
  Detail: Key (id)=(1) already exists.
18-May-2012 1:30:45 PM org.hibernate.event.def.AbstractFlushingEventListener performExecutions
SEVERE: Could not synchronize database state with session
org.hibernate.exception.ConstraintViolationException: Could not execute JDBC batch update
	at org.hibernate.exception.SQLStateConverter.convert(SQLStateConverter.java:73)
	at org.hibernate.exception.JDBCExceptionHelper.convert(JDBCExceptionHelper.java:43)
	at org.hibernate.jdbc.AbstractBatcher.executeBatch(AbstractBatcher.java:253)
	at org.hibernate.engine.ActionQueue.executeActions(ActionQueue.java:237)
	at org.hibernate.engine.ActionQueue.executeActions(ActionQueue.java:141)
	at org.hibernate.event.def.AbstractFlushingEventListener.performExecutions(AbstractFlushingEventListener.java:298)
	at org.hibernate.event.def.DefaultFlushEventListener.onFlush(DefaultFlushEventListener.java:27)
	at org.hibernate.impl.SessionImpl.flush(SessionImpl.java:1002)
	at org.hibernate.impl.SessionImpl.managedFlush(SessionImpl.java:338)
	at org.hibernate.transaction.JDBCTransaction.commit(JDBCTransaction.java:109)
	at com.aug.triton.db.dao.DAO.commit(DAO.java:46)
	at com.aug.triton.db.dao.SensorCaliDAOImpl.create(SensorCaliDAOImpl.java:23)
	at com.aug.triton.db.entity.SensorCaliTest.testCreate(SensorCaliTest.java:46)
	at sun.reflect.NativeMethodAccessorImpl.invoke0(Native Method)
	at sun.reflect.NativeMethodAccessorImpl.invoke(NativeMethodAccessorImpl.java:39)
	at sun.reflect.DelegatingMethodAccessorImpl.invoke(DelegatingMethodAccessorImpl.java:25)
	at java.lang.reflect.Method.invoke(Method.java:597)
	at org.junit.runners.model.FrameworkMethod$1.runReflectiveCall(FrameworkMethod.java:44)
	at org.junit.internal.runners.model.ReflectiveCallable.run(ReflectiveCallable.java:15)
	at org.junit.runners.model.FrameworkMethod.invokeExplosively(FrameworkMethod.java:41)
	at org.junit.internal.runners.statements.InvokeMethod.evaluate(InvokeMethod.java:21)
	at org.junit.internal.runners.statements.RunBefores.evaluate(RunBefores.java:29)
	at org.junit.internal.runners.statements.RunAfters.evaluate(RunAfters.java:35)
	at org.junit.runners.BlockJUnit4ClassRunner.runNotIgnored(BlockJUnit4ClassRunner.java:79)
	at org.junit.runners.BlockJUnit4ClassRunner.runChild(BlockJUnit4ClassRunner.java:71)
	at org.junit.runners.BlockJUnit4ClassRunner.runChild(BlockJUnit4ClassRunner.java:49)
	at org.junit.runners.ParentRunner$3.run(ParentRunner.java:193)
	at org.junit.runners.ParentRunner$1.schedule(ParentRunner.java:52)
	at org.junit.runners.ParentRunner.runChildren(ParentRunner.java:196)
	at org.junit.runners.ParentRunner.access$000(ParentRunner.java:42)
	at org.junit.runners.ParentRunner$2.evaluate(ParentRunner.java:184)
	at org.junit.internal.runners.statements.RunBefores.evaluate(RunBefores.java:29)
	at org.junit.internal.runners.statements.RunAfters.evaluate(RunAfters.java:35)
	at org.junit.runners.ParentRunner.run(ParentRunner.java:238)
	at junit.framework.JUnit4TestAdapter.run(JUnit4TestAdapter.java:39)
	at org.apache.tools.ant.taskdefs.optional.junit.JUnitTestRunner.run(JUnitTestRunner.java:525)
	at org.apache.tools.ant.taskdefs.optional.junit.JUnitTestRunner.launch(JUnitTestRunner.java:1053)
	at org.apache.tools.ant.taskdefs.optional.junit.JUnitTestRunner.main(JUnitTestRunner.java:913)
Caused by: java.sql.BatchUpdateException: Batch entry 0 insert into sensor_cali_test (lastcalibrated, offset_, readingadjustment, maxcurrent, maxvalue, mincurrent, minvalue, shuntresistance, devicechannel, sensor_id, id) values (test, 7.0, 3.0, 5.0, 6.0, 3.0, 3.0, 4.0, test2, NULL, 1) was aborted.  Call getNextException to see the cause.
	at org.postgresql.jdbc2.AbstractJdbc2Statement$BatchResultHandler.handleError(AbstractJdbc2Statement.java:2544)
	at org.postgresql.core.v3.QueryExecutorImpl$1.handleError(QueryExecutorImpl.java:403)
	at org.postgresql.core.v3.QueryExecutorImpl.processResults(QueryExecutorImpl.java:1337)
	at org.postgresql.core.v3.QueryExecutorImpl.execute(QueryExecutorImpl.java:357)
	at org.postgresql.jdbc2.AbstractJdbc2Statement.executeBatch(AbstractJdbc2Statement.java:2681)
	at org.hibernate.jdbc.BatchingBatcher.doExecuteBatch(BatchingBatcher.java:48)
	at org.hibernate.jdbc.AbstractBatcher.executeBatch(AbstractBatcher.java:246)
	... 35 more
]]></system-err>
</testsuite>
